<?xml version="1.0" encoding="UTF-8"?>
<testng-results ignored="0" total="1" passed="1" failed="0" skipped="0">
  <reporter-output>
  </reporter-output>
  <suite started-at="2020-09-16T13:06:21Z" name="Suite" finished-at="2020-09-16T13:06:28Z" duration-ms="7133">
    <groups>
    </groups>
    <test started-at="2020-09-16T13:06:21Z" name="Test" finished-at="2020-09-16T13:06:28Z" duration-ms="7133">
      <class name="phpwebsite.NewTest">
        <test-method is-config="true" signature="beforeTest()[pri:0, instance:phpwebsite.NewTest@2a3888c1]" started-at="2020-09-16T13:06:21Z" name="beforeTest" finished-at="2020-09-16T13:06:21Z" duration-ms="12" status="PASS">
          <reporter-output>
          </reporter-output>
        </test-method> <!-- beforeTest -->
        <test-method is-config="true" signature="beforeMethod()[pri:0, instance:phpwebsite.NewTest@2a3888c1]" started-at="2020-09-16T13:06:21Z" name="beforeMethod" finished-at="2020-09-16T13:06:28Z" duration-ms="6745" status="PASS">
          <reporter-output>
          </reporter-output>
        </test-method> <!-- beforeMethod -->
        <test-method signature="verify()[pri:0, instance:phpwebsite.NewTest@2a3888c1]" started-at="2020-09-16T13:06:28Z" name="verify" finished-at="2020-09-16T13:06:28Z" duration-ms="355" status="PASS">
          <reporter-output>
          </reporter-output>
        </test-method> <!-- verify -->
      </class> <!-- phpwebsite.NewTest -->
    </test> <!-- Test -->
  </suite> <!-- Suite -->
</testng-results>
