<?xml version="1.0" encoding="UTF-8"?>
<testng-results ignored="0" total="1" passed="1" failed="0" skipped="0">
  <reporter-output>
  </reporter-output>
  <suite started-at="2020-09-15T18:26:36Z" name="Default suite" finished-at="2020-09-15T18:26:43Z" duration-ms="6832">
    <groups>
    </groups>
    <test started-at="2020-09-15T18:26:36Z" name="Default test" finished-at="2020-09-15T18:26:43Z" duration-ms="6832">
      <class name="phpwebsite.NewTest">
        <test-method is-config="true" signature="beforeTest()[pri:0, instance:phpwebsite.NewTest@59d4cd39]" started-at="2020-09-15T18:26:36Z" name="beforeTest" finished-at="2020-09-15T18:26:36Z" duration-ms="12" status="PASS">
          <reporter-output>
          </reporter-output>
        </test-method> <!-- beforeTest -->
        <test-method is-config="true" signature="beforeMethod()[pri:0, instance:phpwebsite.NewTest@59d4cd39]" started-at="2020-09-15T18:26:36Z" name="beforeMethod" finished-at="2020-09-15T18:26:43Z" duration-ms="6783" status="PASS">
          <reporter-output>
          </reporter-output>
        </test-method> <!-- beforeMethod -->
        <test-method signature="verify()[pri:0, instance:phpwebsite.NewTest@59d4cd39]" started-at="2020-09-15T18:26:43Z" name="verify" finished-at="2020-09-15T18:26:43Z" duration-ms="8" status="PASS">
          <reporter-output>
          </reporter-output>
        </test-method> <!-- verify -->
      </class> <!-- phpwebsite.NewTest -->
    </test> <!-- Default test -->
  </suite> <!-- Default suite -->
</testng-results>
